<?xml version="1.0" encoding="UTF-8"?>
<!-- Generated by org.testng.reporters.JUnitXMLReporter -->
<testsuite ignored="0" hostname="LAPTOP-O5GDNPVM" failures="0" tests="16" name="Default test" time="16.098" errors="0" timestamp="2021-07-29T23:46:36 IST">
  <testcase classname="take_home_webdriver_test.Webdriver_Tests.LoginTestCases" name="verifyLockedOutUser" time="0.861"/>
  <testcase classname="take_home_webdriver_test.Webdriver_Tests.LoginTestCases" name="verifyLoginForValidAndInvalidCredentials" time="0.455"/>
  <testcase classname="take_home_webdriver_test.Webdriver_Tests.LoginTestCases" name="verifyLoginForValidAndInvalidCredentials" time="0.396"/>
  <testcase classname="take_home_webdriver_test.Webdriver_Tests.LoginTestCases" name="verifyLoginForValidAndInvalidCredentials" time="0.417"/>
  <testcase classname="take_home_webdriver_test.Webdriver_Tests.LoginTestCases" name="verifyLoginForValidAndInvalidCredentials" time="5.491"/>
  <testcase classname="take_home_webdriver_test.Webdriver_Tests.LoginTestCases" name="verifyLoginForValidAndInvalidCredentials" time="0.392"/>
  <testcase classname="take_home_webdriver_test.Webdriver_Tests.LoginTestCases" name="verifyLoginForValidAndInvalidCredentials" time="0.39"/>
  <testcase classname="take_home_webdriver_test.Webdriver_Tests.LoginTestCases" name="verifyLoginForValidAndInvalidCredentials" time="0.372"/>
  <testcase classname="take_home_webdriver_test.Webdriver_Tests.LoginTestCases" name="verifyLoginForValidAndInvalidCredentials" time="0.373"/>
  <testcase classname="take_home_webdriver_test.Webdriver_Tests.LoginTestCases" name="verifyLoginForValidAndInvalidCredentials" time="0.376"/>
  <testcase classname="take_home_webdriver_test.Webdriver_Tests.LoginTestCases" name="verifyLoginPageUI" time="0.175"/>
  <testcase classname="take_home_webdriver_test.Webdriver_Tests.LoginTestCases" name="verifyValidationMessagesForInvalidCredentials" time="0.39"/>
  <testcase classname="take_home_webdriver_test.Webdriver_Tests.LoginTestCases" name="verifyValidationMessagesForInvalidCredentials" time="0.375"/>
  <testcase classname="take_home_webdriver_test.Webdriver_Tests.LoginTestCases" name="verifyValidationMessagesForInvalidCredentials" time="0.383"/>
  <testcase classname="take_home_webdriver_test.Webdriver_Tests.LoginTestCases" name="verifyValidationMessagesForInvalidCredentials" time="0.441"/>
  <testcase classname="take_home_webdriver_test.Webdriver_Tests.LoginTestCases" name="verifyValidationMessagesForInvalidCredentials" time="0.402"/>
</testsuite> <!-- Default test -->
